2023-11-21 10:52:13 [-][-][-][error][yii\console\Exception] yii\console\Exception: The migration name should contain letters, digits, underscore and/or backslash characters only. in C:\Users\mahdi\OneDrive\Desktop\mahsa\vendor\yiisoft\yii2\console\controllers\BaseMigrateController.php:652
Stack trace:
#0 [internal function]: yii\console\controllers\BaseMigrateController->actionCreate('chosen-art-bann...')
#1 C:\Users\mahdi\OneDrive\Desktop\mahsa\vendor\yiisoft\yii2\base\InlineAction.php(57): call_user_func_array(Array, Array)
#2 C:\Users\mahdi\OneDrive\Desktop\mahsa\vendor\yiisoft\yii2\base\Controller.php(178): yii\base\InlineAction->runWithParams(Array)
#3 C:\Users\mahdi\OneDrive\Desktop\mahsa\vendor\yiisoft\yii2\console\Controller.php(180): yii\base\Controller->runAction('create', Array)
#4 C:\Users\mahdi\OneDrive\Desktop\mahsa\vendor\yiisoft\yii2\base\Module.php(552): yii\console\Controller->runAction('create', Array)
#5 C:\Users\mahdi\OneDrive\Desktop\mahsa\vendor\yiisoft\yii2\console\Application.php(180): yii\base\Module->runAction('migrate/create', Array)
#6 C:\Users\mahdi\OneDrive\Desktop\mahsa\vendor\yiisoft\yii2\console\Application.php(147): yii\console\Application->runAction('migrate/create', Array)
#7 C:\Users\mahdi\OneDrive\Desktop\mahsa\vendor\yiisoft\yii2\base\Application.php(384): yii\console\Application->handleRequest(Object(yii\console\Request))
#8 C:\Users\mahdi\OneDrive\Desktop\mahsa\yii(23): yii\base\Application->run()
#9 {main}
2023-11-21 10:52:13 [-][-][-][info][application] $_GET = []

$_POST = []

$_FILES = []

$_COOKIE = []

$_SERVER = [
    'PHP_COMMAND' => 'php.exe'
    'PROMPT' => '$P$G'
    'PSExecutionPolicyPreference' => 'Bypass'
    'TERM_SESSION_ID' => '96463675-5079-418a-8b86-ed57bf244fde'
    'CommonProgramW6432' => 'C:\\Program Files\\Common Files'
    'ProgramW6432' => 'C:\\Program Files'
    'CLION_VM_OPTIONS' => 'C:\\php\\ja-netfilter\\vmoptions\\clion.vmoptions'
    'JETBRAINS_CLIENT_VM_OPTIONS' => 'C:\\php\\ja-netfilter\\vmoptions\\jetbrains_client.vmoptions'
    'DATAGRIP_VM_OPTIONS' => 'C:\\php\\ja-netfilter\\vmoptions\\datagrip.vmoptions'
    'FIG_JETBRAINS_SHELL_INTEGRATION' => '1'
    'USERNAME' => 'mahdi'
    'ALLUSERSPROFILE' => 'C:\\ProgramData'
    'USERPROFILE' => 'C:\\Users\\mahdi'
    'RUBYMINE_VM_OPTIONS' => 'C:\\php\\ja-netfilter\\vmoptions\\rubymine.vmoptions'
    'PROCESSOR_REVISION' => '4401'
    'IDEA_INITIAL_DIRECTORY' => 'C:\\Program Files\\JetBrains\\PhpStorm 2023.2.2\\bin'
    'PUBLIC' => 'C:\\Users\\Public'
    'PYCHARM_VM_OPTIONS' => 'C:\\php\\ja-netfilter\\vmoptions\\pycharm.vmoptions'
    'Path' => 'C:\\WINDOWS\\system32;C:\\WINDOWS;C:\\WINDOWS\\System32\\Wbem;C:\\WINDOWS\\System32\\WindowsPowerShell\\v1.0\\;C:\\WINDOWS\\System32\\OpenSSH\\;C:\\Program Files\\Microsoft VS Code\\bin;C:\\Program Files\\nodejs\\;C:\\Program Files\\Git\\cmd;C:\\xampp\\php;C:\\ProgramData\\ComposerSetup\\bin;C:\\Users\\mahdi\\AppData\\Local\\Microsoft\\WindowsApps;C:\\Users\\mahdi\\AppData\\Roaming\\npm;C:\\Users\\mahdi\\AppData\\Roaming\\Composer\\vendor\\bin'
    'DriverData' => 'C:\\Windows\\System32\\Drivers\\DriverData'
    'HOMEDRIVE' => 'C:'
    'IDEA_VM_OPTIONS' => 'C:\\php\\ja-netfilter\\vmoptions\\idea.vmoptions'
    'SESSIONNAME' => 'Console'
    'LOGONSERVER' => '\\\\MAHDI'
    'TERMINAL_EMULATOR' => 'JetBrains-JediTerm'
    'APPCODE_VM_OPTIONS' => 'C:\\php\\ja-netfilter\\vmoptions\\appcode.vmoptions'
    'SEE_MASK_NOZONECHECKS' => '1'
    'JETBRAINSCLIENT_VM_OPTIONS' => 'C:\\php\\ja-netfilter\\vmoptions\\jetbrainsclient.vmoptions'
    'HOMEPATH' => '\\Users\\mahdi'
    'SystemRoot' => 'C:\\WINDOWS'
    'STUDIO_VM_OPTIONS' => 'C:\\php\\ja-netfilter\\vmoptions\\studio.vmoptions'
    'LOCALAPPDATA' => 'C:\\Users\\mahdi\\AppData\\Local'
    'APPDATA' => 'C:\\Users\\mahdi\\AppData\\Roaming'
    'PROCESSOR_IDENTIFIER' => 'AMD64 Family 25 Model 68 Stepping 1, AuthenticAMD'
    'PATHEXT' => '.COM;.EXE;.BAT;.CMD;.VBS;.VBE;.JS;.JSE;.WSF;.WSH;.MSC;.CPL'
    'PSModulePath' => 'C:\\Users\\mahdi\\OneDrive\\Documents\\WindowsPowerShell\\Modules;C:\\Program Files\\WindowsPowerShell\\Modules;C:\\WINDOWS\\system32\\WindowsPowerShell\\v1.0\\Modules'
    'ProgramFiles(x86)' => 'C:\\Program Files (x86)'
    'WEBIDE_VM_OPTIONS' => 'C:\\php\\ja-netfilter\\vmoptions\\webide.vmoptions'
    'PHPSTORM_VM_OPTIONS' => 'C:\\php\\ja-netfilter\\vmoptions\\phpstorm.vmoptions'
    'RIDER_VM_OPTIONS' => 'C:\\php\\ja-netfilter\\vmoptions\\rider.vmoptions'
    'OS' => 'Windows_NT'
    'WEBSTORM_VM_OPTIONS' => 'C:\\php\\ja-netfilter\\vmoptions\\webstorm.vmoptions'
    'PROCESSOR_ARCHITECTURE' => 'AMD64'
    'NUMBER_OF_PROCESSORS' => '16'
    'ComSpec' => 'C:\\WINDOWS\\system32\\cmd.exe'
    'PROCESSOR_LEVEL' => '25'
    'DEVECOSTUDIO_VM_OPTIONS' => 'C:\\php\\ja-netfilter\\vmoptions\\devecostudio.vmoptions'
    'USERDOMAIN_ROAMINGPROFILE' => 'MAHDI'
    'windir' => 'C:\\WINDOWS'
    'ProgramFiles' => 'C:\\Program Files'
    'DATASPELL_VM_OPTIONS' => 'C:\\php\\ja-netfilter\\vmoptions\\dataspell.vmoptions'
    'TEMP' => 'C:\\Users\\mahdi\\AppData\\Local\\Temp'
    'TMP' => 'C:\\Users\\mahdi\\AppData\\Local\\Temp'
    'GATEWAY_VM_OPTIONS' => 'C:\\php\\ja-netfilter\\vmoptions\\gateway.vmoptions'
    'OneDrive' => 'C:\\Users\\mahdi\\OneDrive'
    'OneDriveConsumer' => 'C:\\Users\\mahdi\\OneDrive'
    'USERDOMAIN' => 'MAHDI'
    'SystemDrive' => 'C:'
    'CommonProgramFiles(x86)' => 'C:\\Program Files (x86)\\Common Files'
    'COMPUTERNAME' => 'MAHDI'
    'ProgramData' => 'C:\\ProgramData'
    'EFC_13096' => '1'
    'GOLAND_VM_OPTIONS' => 'C:\\php\\ja-netfilter\\vmoptions\\goland.vmoptions'
    'CommonProgramFiles' => 'C:\\Program Files\\Common Files'
    'YII_PATH' => 'C:\\Users\\mahdi\\OneDrive\\Desktop\\mahsa\\'
    'PHP_SELF' => 'C:\\Users\\mahdi\\OneDrive\\Desktop\\mahsa\\yii'
    'SCRIPT_NAME' => 'C:\\Users\\mahdi\\OneDrive\\Desktop\\mahsa\\yii'
    'SCRIPT_FILENAME' => 'C:\\Users\\mahdi\\OneDrive\\Desktop\\mahsa\\yii'
    'PATH_TRANSLATED' => 'C:\\Users\\mahdi\\OneDrive\\Desktop\\mahsa\\yii'
    'DOCUMENT_ROOT' => ''
    'REQUEST_TIME_FLOAT' => 1700551333.5557
    'REQUEST_TIME' => 1700551333
    'argv' => [
        0 => 'C:\\Users\\mahdi\\OneDrive\\Desktop\\mahsa\\yii'
        1 => 'migrate/create'
        2 => 'chosen-art-banner'
    ]
    'argc' => 3
]
